<?xml version="1.0" encoding="UTF-8"?>
<!-- Generated by org.testng.reporters.JUnitReportReporter -->
<testsuite hostname="DESKTOP-M4622L9" failures="0" tests="1" name="web_api_automation_fw.TestNGDemo" time="0.006" errors="0" timestamp="2021-01-03T12:11:56 GMT" skipped="0">
  <testcase classname="web_api_automation_fw.TestNGDemo" name="testNGDemo2" time="0.006"/>
  <system-out/>
</testsuite> <!-- web_api_automation_fw.TestNGDemo -->
