<?xml version="1.0" encoding="UTF-8"?>
<!-- Generated by org.testng.reporters.JUnitReportReporter -->
<testsuite hostname="DESKTOP-M4622L9" failures="0" tests="1" name="web_api_automation_fw.SeleniumGridDemoTest" time="5.184" errors="0" timestamp="2021-01-05T17:25:59 GMT" skipped="0">
  <testcase classname="web_api_automation_fw.SeleniumGridDemoTest" name="killHubNode" time="5.184"/>
  <system-out/>
</testsuite> <!-- web_api_automation_fw.SeleniumGridDemoTest -->
