<?xml version="1.0" encoding="UTF-8"?>
<!-- Generated by org.testng.reporters.JUnitReportReporter -->
<testsuite hostname="DESKTOP-M4622L9" failures="0" tests="1" name="web_api_automation_fw.RestAssuredTest" time="2.055" errors="0" timestamp="2021-01-07T12:46:45 GMT" skipped="0">
  <testcase classname="web_api_automation_fw.RestAssuredTest" name="RestAssuredTest" time="2.055"/>
  <system-out/>
</testsuite> <!-- web_api_automation_fw.RestAssuredTest -->
