<?xml version="1.0" encoding="UTF-8"?>
<!-- Generated by org.testng.reporters.JUnitReportReporter -->
<testsuite hostname="DESKTOP-M4622L9" failures="0" tests="1" name="web_api_automation_fw.SeleniumDemo" time="11.442" errors="0" timestamp="2021-01-03T12:13:00 GMT" skipped="0">
  <testcase classname="web_api_automation_fw.SeleniumDemo" name="seleniumDemo" time="11.442"/>
  <system-out/>
</testsuite> <!-- web_api_automation_fw.SeleniumDemo -->
