<?xml version="1.0" encoding="UTF-8"?>
<!-- Generated by org.testng.reporters.JUnitReportReporter -->
<testsuite skipped="0" hostname="DESKTOP-M4622L9" name="uatTests.UatTaxModule" tests="3" failures="0" timestamp="2021-01-19T17:29:31 GMT" time="13.046" errors="0">
  <testcase name="uatTaxSelTc1" time="4.245" classname="uatTests.UatTaxModule"/>
  <system-out/>
  <testcase name="uatTaxSelTc2" time="4.363" classname="uatTests.UatTaxModule"/>
  <system-out/>
  <testcase name="uatTaxSelTc3" time="4.438" classname="uatTests.UatTaxModule"/>
  <system-out/>
</testsuite> <!-- uatTests.UatTaxModule -->
