<?xml version="1.0" encoding="UTF-8"?>
<!-- Generated by org.testng.reporters.JUnitReportReporter -->
<testsuite hostname="DESKTOP-M4622L9" failures="0" tests="1" name="web_api_automation_fw.AppTest" time="0.031" errors="0" timestamp="2021-01-02T21:06:58 GMT" skipped="0">
  <testcase classname="web_api_automation_fw.AppTest" name="shouldAnswerWithTrue" time="0.031"/>
  <system-out/>
</testsuite> <!-- web_api_automation_fw.AppTest -->
