<?xml version="1.0" encoding="UTF-8"?>
<!-- Generated by org.testng.reporters.JUnitReportReporter -->
<testsuite skipped="0" hostname="DESKTOP-M4622L9" name="web_api_automation_fw.SeleniumDemoTest" tests="1" failures="0" timestamp="2021-01-21T21:45:03 GMT" time="7.820" errors="0">
  <testcase name="seleniumDemo1" time="7.820" classname="web_api_automation_fw.SeleniumDemoTest"/>
  <system-out/>
</testsuite> <!-- web_api_automation_fw.SeleniumDemoTest -->
