<?xml version="1.0" encoding="UTF-8"?>
<!-- Generated by org.testng.reporters.JUnitReportReporter -->
<testsuite skipped="0" hostname="DESKTOP-M4622L9" name="sitTests.SitTaxModule" tests="3" failures="0" timestamp="2021-01-19T17:29:32 GMT" time="14.155" errors="0">
  <testcase name="sitTaxSelTc3" time="4.983" classname="sitTests.SitTaxModule"/>
  <system-out/>
  <testcase name="sitTaxSelTc1" time="5.046" classname="sitTests.SitTaxModule"/>
  <system-out/>
  <testcase name="sitTaxSelTc2" time="4.126" classname="sitTests.SitTaxModule"/>
  <system-out/>
</testsuite> <!-- sitTests.SitTaxModule -->
