<?xml version="1.0" encoding="UTF-8"?>
<!-- Generated by org.testng.reporters.JUnitReportReporter -->
<testsuite skipped="0" hostname="DESKTOP-M4622L9" name="coreComponents.CommLib" tests="1" failures="0" timestamp="2021-01-22T11:37:28 GMT" time="0.034" errors="0">
  <testcase name="createReportFoldCurrDate" time="0.034" classname="coreComponents.CommLib"/>
  <system-out/>
</testsuite> <!-- coreComponents.CommLib -->
